2024-11-07T19:29:12.575Z [info]: User started the bot
2024-11-07T19:29:17.028Z [info]: User started the bot
2024-11-07T19:29:22.843Z [info]: User started the bot
2024-11-07T19:31:36.155Z [info]: User started the bot
2024-11-07T19:31:45.489Z [info]: User sent a sticker
2024-11-07T19:32:14.846Z [info]: User said hi
2024-11-07T19:41:56.343Z [info]: User art_neko21 (529310289) sent a message: undefined
2024-11-07T19:42:22.988Z [info]: User sent a sticker
2024-11-07T19:42:26.480Z [info]: User art_neko21 (529310289) sent a message: ИЧО
2024-11-07T19:43:44.585Z [info]: User art_neko21 (529310289) sent a message: test
2024-11-07T19:46:53.902Z [info]: User started the bot. Reply:
    О, привет - привет! 
    Я нахожусь в разработке, но можешь быть уверен, я выполняюсь на Raspberry Pi 3B+ прямо у создателя дома

    Вот что я уже могу:     

    -- /log                 

    -- /start               

    -- хорошо слушать       

    -- рассказывать анекдоты (В лс к Артуру) 

    

    

    версия бота от 8.11.2024
    
2024-11-07T19:47:21.386Z [info]: User started the bot. Reply:
    О, привет - привет! 
    Я нахожусь в разработке, но можешь быть уверен, я выполняюсь на Raspberry Pi 3B+ прямо у создателя дома

    Вот что я уже могу:

    -- /log

    -- /start

    -- хорошо слушать

    -- рассказывать анекдоты (В лс к Артуру)

    

    

    версия бота от 8.11.2024
    
2024-11-07T19:48:13.282Z [info]: User started the bot. Reply:
    О, привет - привет! 
    Я нахожусь в разработке, но можешь быть уверен, я выполняюсь на Raspberry Pi 3B+ прямо у создателя дома

    Я совсем недавно появилась, но уже умею хорошо слушать, /start и /log
    

    версия бота от 8.11.2024
    
2024-11-07T19:49:10.015Z [info]: User started the bot. Reply:О, привет - привет!

Я нахожусь в разработке, но можешь быть уверен, я выполняюсь на Raspberry Pi 3B+ прямо у создателя дома

Я совсем недавно появилась, но уже умею хорошо слушать, /start и /log
версия бота от 8.11.2024
2024-11-07T19:49:47.293Z [info]: User started the bot. Reply:
    О, привет - привет!
    Я нахожусь в разработке, но можешь быть уверен, я выполняюсь на Raspberry Pi 3B+ прямо у создателя дома
    Я совсем недавно появилась, но уже умею хорошо слушать, /start и /log
    
    версия бота от 8.11.2024
2024-11-07T19:51:11.064Z [info]: User started the bot. Reply:
О, привет - привет!
Я нахожусь в разработке, но можешь быть уверен, я выполняюсь на Raspberry Pi 3B+ прямо у создателя дома
Я совсем недавно появилась, но уже умею хорошо слушать, /start и /log
    
версия бота от 8.11.2024
2024-11-07T19:51:27.864Z [info]: User started the bot. Reply:
О, привет - привет!
Я нахожусь в разработке, но можешь быть уверен, я выполняюсь на Raspberry Pi 3B+ прямо у создателя дома
Я совсем недавно появилась, но уже умею хорошо слушать, /start и /log
    
версия бота от 8.11.2024
2024-11-07T19:52:00.263Z [info]: User started the bot. Reply:
О, привет - привет!
Я нахожусь в разработке, но можешь быть уверен, я выполняюсь на Raspberry Pi 3B+ прямо у создателя дома! Я совсем недавно появилась, но уже умею хорошо слушать, /start и /log
версия бота от 8.11.2024
2024-11-07T19:52:08.824Z [info]: User started the bot. Reply:
О, привет - привет!
Я нахожусь в разработке, но можешь быть уверен, я выполняюсь на Raspberry Pi 3B+ прямо у создателя дома! Я совсем недавно появилась, но уже умею хорошо слушать, /start и /log
версия бота от 8.11.2024
2024-11-07T19:52:10.091Z [info]: User started the bot. Reply:
О, привет - привет!
Я нахожусь в разработке, но можешь быть уверен, я выполняюсь на Raspberry Pi 3B+ прямо у создателя дома! Я совсем недавно появилась, но уже умею хорошо слушать, /start и /log
версия бота от 8.11.2024
